<?xml version="1.0" encoding="UTF-8"?>
<!-- Generated by org.testng.reporters.JUnitReportReporter -->
<testsuite hostname="DESKTOP-RPC1GF0" failures="0" tests="1" name="lauch.TestCase_016" time="27.681" errors="0" timestamp="2023-01-27T17:24:52 IST" skipped="0">
  <testcase classname="lauch.TestCase_016" name="addClient" time="27.681"/>
  <system-out>
low actual Nomine Relationship is: low Nominee Priority is mathching  </system-out>
</testsuite> <!-- lauch.TestCase_016 -->
