<?xml version="1.0" encoding="UTF-8"?>
<!-- Generated by org.testng.reporters.JUnitReportReporter -->
<testsuite hostname="DESKTOP-RPC1GF0" failures="0" tests="1" name="lauch.TestCase_008" time="29.722" errors="0" timestamp="2023-01-27T13:05:13 IST" skipped="0">
  <testcase classname="lauch.TestCase_008" name="addClient" time="29.722"/>
  <system-out>
file uploaded successfully Newly Married actual Nominee Relationship is: Newly Married Nominee Relationship is mathching  </system-out>
</testsuite> <!-- lauch.TestCase_008 -->
