<?xml version="1.0" encoding="UTF-8"?>
<!-- Generated by org.testng.reporters.JUnitReportReporter -->
<testsuite hostname="DESKTOP-RPC1GF0" failures="0" tests="1" name="lauch.TestCase_002" time="45.064" errors="0" timestamp="2023-01-27T10:50:19 IST" skipped="0">
  <testcase classname="lauch.TestCase_002" name="addClient" time="45.064"/>
  <system-out>
file uploaded successfully 01-02-2003 actual id is: 01-02-2003 client id is mathching  </system-out>
</testsuite> <!-- lauch.TestCase_002 -->
