<?xml version="1.0" encoding="UTF-8"?>
<!-- Generated by org.testng.reporters.JUnitReportReporter -->
<testsuite hostname="DESKTOP-RPC1GF0" failures="0" tests="1" name="lauch.TestCase_001" time="28.567" errors="0" timestamp="2023-01-27T10:16:20 IST" skipped="0">
  <testcase classname="lauch.TestCase_001" name="addClient" time="28.567"/>
  <system-out>
1674794759 file uploaded successfully actual id is: 1674794759 client id is mathching  </system-out>
</testsuite> <!-- lauch.TestCase_001 -->
