<?xml version="1.0" encoding="UTF-8"?>
<!-- Generated by org.testng.reporters.JUnitReportReporter -->
<testsuite hostname="DESKTOP-RPC1GF0" failures="0" tests="1" name="lauch.TestCase_004" time="31.015" errors="0" timestamp="2023-01-27T12:17:54 IST" skipped="0">
  <testcase classname="lauch.TestCase_004" name="addClient" time="31.015"/>
  <system-out>
file uploaded successfully Villian actual Nominee Name is: Villian Nominee Name is mathching  </system-out>
</testsuite> <!-- lauch.TestCase_004 -->
