<?xml version="1.0" encoding="UTF-8"?>
<!-- Generated by org.testng.reporters.JUnitReportReporter -->
<testsuite hostname="DESKTOP-RPC1GF0" failures="0" tests="1" name="lauch.TestCase_007" time="27.104" errors="0" timestamp="2023-01-27T12:56:17 IST" skipped="0">
  <testcase classname="lauch.TestCase_007" name="addClient" time="27.104"/>
  <system-out>
file uploaded successfully 04-04-2004 actual Nominee Birth Date is: 04-04-2004 Nominee Birth Date is mathching  </system-out>
</testsuite> <!-- lauch.TestCase_007 -->
