<?xml version="1.0" encoding="UTF-8"?>
<!-- Generated by org.testng.reporters.JUnitReportReporter -->
<testsuite hostname="DESKTOP-RPC1GF0" failures="0" tests="1" name="lauch.TestCase_009" time="33.785" errors="0" timestamp="2023-01-27T13:13:41 IST" skipped="0">
  <testcase classname="lauch.TestCase_009" name="addClient" time="33.785"/>
  <system-out>
file uploaded successfully Very very High actual Nominee Priority is: Very very High Nominee Priority is mathching  </system-out>
</testsuite> <!-- lauch.TestCase_009 -->
