<?xml version="1.0" encoding="UTF-8"?>
<!-- Generated by org.testng.reporters.JUnitReportReporter -->
<testsuite hostname="DESKTOP-RPC1GF0" failures="0" tests="1" name="lauch.TestCase_014" time="33.581" errors="0" timestamp="2023-01-27T16:15:58 IST" skipped="0">
  <testcase classname="lauch.TestCase_014" name="addClient" time="33.581"/>
  <system-out>
Male actual Nomine eName is: Male Nominee Gender is mathching  </system-out>
</testsuite> <!-- lauch.TestCase_014 -->
