<?xml version="1.0" encoding="UTF-8"?>
<!-- Generated by org.testng.reporters.JUnitReportReporter -->
<testsuite hostname="DESKTOP-RPC1GF0" failures="0" tests="1" name="lauch.TestCase_015" time="28.725" errors="0" timestamp="2023-01-27T17:09:55 IST" skipped="0">
  <testcase classname="lauch.TestCase_015" name="addClient" time="28.725"/>
  <system-out>
Married actual Nomine Relationship is: Married Nominee Relationship is mathching  </system-out>
</testsuite> <!-- lauch.TestCase_015 -->
