<?xml version="1.0" encoding="UTF-8"?>
<!-- Generated by org.testng.reporters.JUnitReportReporter -->
<testsuite hostname="DESKTOP-RPC1GF0" failures="0" tests="1" name="lauch.TC_001Insurance" time="36.949" errors="0" timestamp="2023-01-25T15:48:10 IST" skipped="0">
  <testcase classname="lauch.TC_001Insurance" name="TC_001Insurance" time="36.949"/>
  <system-out/>
</testsuite> <!-- lauch.TC_001Insurance -->
