<?xml version="1.0" encoding="UTF-8"?>
<!-- Generated by org.testng.reporters.JUnitReportReporter -->
<testsuite hostname="DESKTOP-RPC1GF0" failures="0" tests="1" name="lauch.TestCase_003" time="35.439" errors="0" timestamp="2023-01-27T12:06:30 IST" skipped="0">
  <testcase classname="lauch.TestCase_003" name="addClient" time="35.439"/>
  <system-out>
file uploaded successfully 1674801367-268683709 actual Nominee Name is: 1674801367-268683709 Nominee id is mathching  </system-out>
</testsuite> <!-- lauch.TestCase_003 -->
