<?xml version="1.0" encoding="UTF-8"?>
<!-- Generated by org.testng.reporters.JUnitReportReporter -->
<testsuite hostname="DESKTOP-RPC1GF0" failures="0" tests="1" name="LifeInsurance.TC_17" time="24.828" errors="0" timestamp="2023-01-27T18:50:16 IST" skipped="0">
  <testcase classname="LifeInsurance.TC_17" name="addClient" time="24.828"/>
  <system-out>
1674825597 file uploaded successfully actual id is: 1674825597 client id is mathching  </system-out>
</testsuite> <!-- LifeInsurance.TC_17 -->
