<?xml version="1.0" encoding="UTF-8"?>
<!-- Generated by org.testng.reporters.JUnitReportReporter -->
<testsuite hostname="DESKTOP-RPC1GF0" failures="0" tests="1" name="lauch.TestCase_005" time="35.673" errors="0" timestamp="2023-01-27T12:26:46 IST" skipped="0">
  <testcase classname="lauch.TestCase_005" name="addClient" time="35.673"/>
  <system-out>
1674802586 file uploaded successfully actual Nominee Name is: 1674802586 Nominee Name is mathching  </system-out>
</testsuite> <!-- lauch.TestCase_005 -->
