<?xml version="1.0" encoding="UTF-8"?>
<!-- Generated by org.testng.reporters.JUnitReportReporter -->
<testsuite hostname="DESKTOP-RPC1GF0" failures="0" tests="1" name="lauch.HomePageInsurance" time="47.578" errors="0" timestamp="2023-01-25T12:39:48 IST" skipped="0">
  <testcase classname="lauch.HomePageInsurance" name="datas" time="47.578"/>
  <system-out/>
</testsuite> <!-- lauch.HomePageInsurance -->
