<?xml version="1.0" encoding="UTF-8"?>
<!-- Generated by org.testng.reporters.JUnitReportReporter -->
<testsuite hostname="DESKTOP-RPC1GF0" failures="0" tests="1" name="lauch.TestCase_13" time="26.996" errors="0" timestamp="2023-01-27T15:58:35 IST" skipped="0">
  <testcase classname="lauch.TestCase_13" name="addClient" time="26.996"/>
  <system-out>
84644346 actual Nominee IDis: 84644346 Client ID is mathching  </system-out>
</testsuite> <!-- lauch.TestCase_13 -->
