<?xml version="1.0" encoding="UTF-8"?>
<!-- Generated by org.testng.reporters.JUnitReportReporter -->
<testsuite hostname="DESKTOP-RPC1GF0" failures="0" tests="1" name="lauch.TestCase_12" time="38.843" errors="0" timestamp="2023-01-27T15:44:12 IST" skipped="0">
  <testcase classname="lauch.TestCase_12" name="addClient" time="38.843"/>
  <system-out>
1674814432-1650371244 actual Nominee IDis: 1674814432-1650371244 Nominee ID is mathching  </system-out>
</testsuite> <!-- lauch.TestCase_12 -->
