<?xml version="1.0" encoding="UTF-8"?>
<!-- Generated by org.testng.reporters.JUnitReportReporter -->
<testsuite hostname="DESKTOP-RPC1GF0" failures="0" tests="1" name="lauch.TestCase_011" time="36.875" errors="0" timestamp="2023-01-27T14:43:28 IST" skipped="0">
  <testcase classname="lauch.TestCase_011" name="addClient" time="36.875"/>
  <system-out>
file uploaded successfully 9110911091 actual Nominee Phone Number is: 9110911091 Nominee Phone Number is mathching  </system-out>
</testsuite> <!-- lauch.TestCase_011 -->
