<?xml version="1.0" encoding="UTF-8"?>
<!-- Generated by org.testng.reporters.JUnitReportReporter -->
<testsuite hostname="DESKTOP-RPC1GF0" failures="0" tests="1" name="LifeInsurance.TC_19" time="23.833" errors="0" timestamp="2023-01-27T18:58:50 IST" skipped="0">
  <testcase classname="LifeInsurance.TC_19" name="name" time="23.833"/>
  <system-out>
raju file uploaded successfully actual name is: raju client name is mathching  </system-out>
</testsuite> <!-- LifeInsurance.TC_19 -->
