<?xml version="1.0" encoding="UTF-8"?>
<!-- Generated by org.testng.reporters.JUnitReportReporter -->
<testsuite hostname="DESKTOP-RPC1GF0" failures="0" tests="1" name="lauch.TestCase_006" time="32.933" errors="0" timestamp="2023-01-27T12:42:51 IST" skipped="0">
  <testcase classname="lauch.TestCase_006" name="addClient" time="32.933"/>
  <system-out>
file uploaded successfully male actual Nominee gender is: male Nominee Name is mathching  </system-out>
</testsuite> <!-- lauch.TestCase_006 -->
